C51 COMPILER V9.60.7.0   ENGINE                                                            03/24/2026 16:50:08 PAGE 1   


C51 COMPILER V9.60.7.0, COMPILATION OF MODULE ENGINE
OBJECT MODULE PLACED IN .\Release\Objects\engine.obj
COMPILER INVOKED BY: C:\Keil_v5\C51\BIN\C51.EXE ..\..\User\engine.c LARGE OPTIMIZE(9,SIZE) BROWSE INTVECTOR(0X000C) INCD
                    -IR(..\..\Libraries\Include;..\..\User) INTERVAL(3) DEBUG OBJECTEXTEND PRINT(.\Release\Listings\engine.lst) OBJECT(.\Rele
                    -ase\Objects\engine.obj)

line level    source

   1          #include "my_config.h"
   2          #include "engine.h"
   3          
   4          /*
   5              ж»ӨжіўгҖҒеҲӨж–ӯз”өеҺӢжҳҜеҗҰжңүи·іеҠЁпјҢдёҖж®өж—¶й—ҙеҶ…з”өеҺӢжө®еҠЁиҝҮеӨ§пјҢ
   6              жүҖдҪҝз”ЁеҲ°зҡ„иҝҷдәӣеҸҳйҮҸ
   7          */
   8          #define FILTER_BUFF_SIZE 32
   9          #define FILTER_BUFF_2_SIZE 270 // 270 -- еҜ№еә” 5.83ms жү§иЎҢдёҖж¬Ўзҡ„еҮҪж•° according_pin9_to_adjust_pwmп
             -јҢж—¶й—ҙи¶ҠзҹӯпјҢж•°з»„йңҖиҰҒеҠ еӨ§
  10          // #define FILTER_BUFF_2_SIZE 540 // 540 -- еҜ№еә” 2.93ms жү§иЎҢдёҖж¬Ўзҡ„еҮҪж•° according_pin9_to_adjust_p
             -wmпјҢж—¶й—ҙи¶ҠзҹӯпјҢж•°з»„йңҖиҰҒеҠ еӨ§
  11          static volatile u16 t_count = 0;
  12          static volatile u16 t_adc_max = 0;    // еӯҳж”ҫдёҖж®өж—¶й—ҙеҶ…йҮҮйӣҶеҲ°зҡ„жңҖеӨ§adеҖј
  13          static volatile u16 t_adc_min = 4096; // еӯҳж”ҫдёҖж®өж—¶й—ҙеҶ…йҮҮйӣҶеҲ°зҡ„жңҖе°ҸadеҖј
  14          static volatile u8 over_drive_status = 0;
  15          #define OVER_DRIVE_RESTART_TIME (30)
  16          
  17          static volatile u16 filter_buff[FILTER_BUFF_SIZE] = {
  18              0xFFFF,
  19          };
  20          
  21          static volatile u16 filter_buff_2[FILTER_BUFF_2_SIZE]; // з”ЁдәҺж»Өжіўзҡ„ж•°з»„
  22          static volatile u16 filter_buff_2_index;               // з”ЁдәҺи®°еҪ•ж»Өжіўзҡ„ж•°з»„дёӢж Ү
  23          
  24          volatile bit flag_is_time_to_check_engine; // ж Үеҝ—дҪҚпјҢжҳҜеҗҰеҲ°ж—¶й—ҙеҺ»и°ғз”ЁжЈҖжөӢеҸ‘еҠЁжңәеҠҹзҺҮзҡ„
             -еҮҪж•°
  25          
  26          /*
  27              з”өжәҗз”өеҺӢдҪҺдәҺ170V-AC,еҗҜеҠЁдҪҺеҺӢдҝқжҠӨпјҢз”өжәҗз”өеҺӢй«ҳдәҺ170V-ACпјҢе…ій—ӯдҪҺеҺӢдҝқжҠӨ
  28              жё©еәҰжӯЈеёёпјҢжүҚдјҡиҝӣе…ҘеҲ°иҝҷйҮҢ
  29              жіЁж„ҸпјҢжҜҸж¬Ўи°ғз”ЁеҲ°иҜҘеҮҪж•°пјҢеә”иҜҘеңЁ5.75msе·ҰеҸіпјҢжЈҖжөӢеҸ‘еҠЁжңәеҠҹзҺҮдёҚзЁіе®ҡзҡ„еҺҹзҗҶжҳҜ
             -жЈҖжөӢйў‘зҺҮпјҢ
  30              еҰӮжһңдёҚеңЁ5.75msйҷ„иҝ‘пјҢеҸҜиғҪдјҡеҜјиҮҙжЈҖжөӢдёҚеҮҶзЎ®пјҢжЈҖжөӢдёҚеҲ°еҸ‘еҠЁжңәеҠҹзҺҮдёҚзЁіе®ҡ
  31          */
  32          void according_pin9_to_adjust_pwm(void)
  33          {
  34   1          static volatile u8 filter_buff_index = 0;
  35   1          static volatile u8 flag_is_sub_power = 0;  // ж Үеҝ—дҪҚпјҢжҳҜеҗҰиҰҒиҝһз»ӯеҮҸеҠҹзҺҮпјҲзҠ¶жҖҒжңәпјү
  36   1          static volatile u8 flag_is_sub_power2 = 0; // ж Үеҝ—дҪҚпјҢжҳҜеҗҰиҰҒиҝһз»ӯеҮҸеҠҹзҺҮ
  37   1          static volatile bit flag_is_add_power = 0; // ж Үеҝ—дҪҚпјҢжҳҜеҗҰиҰҒиҝһз»ӯеўһеҠҹзҺҮ
  38   1      
  39   1          volatile u32 adc_pin_9_avg = 0;             // еӯҳж”ҫе№іеқҮеҖј
  40   1          // static volatile u16 adc_val = adc_val_from_engine; // adc_val_from_engine з”ұadcдёӯж–ӯжӣҙж–°
  41   1          static volatile u16 adc_val = 0;
  42   1          static volatile u8 is_init = 0; // жҳҜеҗҰеҲқе§ӢеҢ–
  43   1          
  44   1          if (adc_get_flag(ADC_SEL_PIN_ENGINE))
  45   1          {
  46   2              adc_val = adc_get_val(ADC_SEL_PIN_ENGINE);
  47   2              adc_clear_flag(ADC_SEL_PIN_ENGINE);
  48   2      
  49   2              if (is_init == 0)
C51 COMPILER V9.60.7.0   ENGINE                                                            03/24/2026 16:50:08 PAGE 2   

  50   2              {
  51   3                  is_init = 1; // иЎЁзӨәиҮіе°‘иҺ·еҸ–дәҶдёҖж¬ЎadеҖјж•°жҚ®
  52   3              }
  53   2          }
  54   1      
  55   1          if (0 == is_init)
  56   1          {
  57   2              // еҰӮжһңжІЎжңүиҺ·еҸ–иҝҮж•°жҚ®пјҢзӣҙжҺҘиҝ”еӣһ
  58   2              return;
  59   2          }  
  60   1      
  61   1          if (filter_buff[0] == 0xFFFF) // еҰӮжһңжҳҜз¬¬дёҖж¬ЎжЈҖжөӢпјҢи®©ж•°з»„еҶ…жүҖжңүе…ғзҙ йғҪеҸҳдёәз¬¬дёҖж¬Ў
             -йҮҮйӣҶзҡ„ж•°жҚ®пјҢж–№дҫҝеҝ«йҖҹдҪңеҮәеҸҳеҢ–
  62   1          {
  63   2              u16 i = 0;
  64   2              for (; i < ARRAY_SIZE(filter_buff); i++)
  65   2              {
  66   3                  filter_buff[i] = adc_val;
  67   3              }
  68   2      
  69   2              for (i = 0; i < ARRAY_SIZE(filter_buff_2); i++)
  70   2              {
  71   3                  filter_buff_2[i] = adc_val;
  72   3              }
  73   2          }
  74   1          else
  75   1          {
  76   2              u16 temp = filter_buff[filter_buff_index];
  77   2              temp += adc_val;
  78   2              temp >>= 1;
  79   2              filter_buff[filter_buff_index] = temp;
  80   2              filter_buff_index++;
  81   2              if (filter_buff_index >= ARRAY_SIZE(filter_buff))
  82   2              {
  83   3                  filter_buff_index = 0;
  84   3              }
  85   2          }
  86   1      
  87   1          { // еҸ–еҮәж•°з»„еҶ…зҡ„ж•°жҚ®пјҢи®Ўз®—е№іеқҮеҖј
  88   2              u16 i = 0;
  89   2              for (; i < ARRAY_SIZE(filter_buff); i++)
  90   2              {
  91   3                  adc_pin_9_avg += filter_buff[i];
  92   3              }
  93   2      
  94   2              // adc_pin_9_avg /= ARRAY_SIZE(filter_buff);
  95   2              adc_pin_9_avg >>= 5; // зӣёеҪ“дәҺ /= 32
  96   2          } // еҸ–еҮәж•°з»„еҶ…зҡ„ж•°жҚ®пјҢи®Ўз®—е№іеқҮеҖј
  97   1      
  98   1          // еңЁеүҚйқўж»Өжіўзҡ„еҹәзЎҖдёҠеҶҚиҝӣиЎҢдёҖж¬Ўж»Өжіў
  99   1          filter_buff_2[filter_buff_2_index] = adc_pin_9_avg;
 100   1          filter_buff_2_index++;
 101   1          if (filter_buff_2_index >= ARRAY_SIZE(filter_buff_2))
 102   1          {
 103   2              filter_buff_2_index = 0;
 104   2          }
 105   1      
 106   1          {
 107   2              u16 i = 0;
 108   2              t_adc_max = 0;
 109   2              t_adc_min = 4096;
 110   2              for (; i < ARRAY_SIZE(filter_buff_2); i++)
C51 COMPILER V9.60.7.0   ENGINE                                                            03/24/2026 16:50:08 PAGE 3   

 111   2              {
 112   3                  if (filter_buff_2[i] > t_adc_max)
 113   3                  {
 114   4                      t_adc_max = filter_buff_2[i];
 115   4                  }
 116   3                  if (filter_buff_2[i] < t_adc_min)
 117   3                  {
 118   4                      t_adc_min = filter_buff_2[i];
 119   4                  }
 120   3                  if ((t_adc_max - t_adc_min) > ADC_OVER_DRIVE_VAL)
 121   3                  { // з”өеҺӢжіўеҠЁ
 122   4                      over_drive_status = OVER_DRIVE_RESTART_TIME;
 123   4                  }
 124   3                  else
 125   3                  {
 126   4                      if (over_drive_status)
 127   4                          over_drive_status--;
 128   4                  }
 129   3              }
 130   2      
 131   2              // MY_DEBUG:
 132   2              // {
 133   2              //     // ж №жҚ®еҸ‘еҠЁжңәдёҚзЁіе®ҡйҷҚеҠҹзҺҮзҡ„еҠҹиғҪжӯЈеёёж—¶пјҢжөӢеҫ—жҳҜ5.83msжү§иЎҢдёҖж¬ЎпјҢжҜҸ1
             -00ж¬Ўжү“еҚ°дёҖж¬ЎпјҢе№іеқҮиҖ—ж—¶жҳҜ583ms
 134   2              //     // еҰӮжһңеҫӘзҺҜеӨ§дәҺ5.83msпјҢеңЁе®ўжҲ·йӮЈйҮҢжөӢиҜ•еҘҪеғҸеҠҹиғҪд№ҹжӯЈеёёпјҢе®ўжҲ·жІЎжңүиҝӣд
             -ёҖжӯҘеҸҚйҰҲ
 135   2              //     static u8 cnt = 0;
 136   2              //     cnt++;
 137   2              //     if (cnt >= 100)
 138   2              //     {
 139   2              //         cnt = 0;
 140   2              //         printf("__LINE__ %u\n", __LINE__);
 141   2              //     }
 142   2              // }
 143   2          }
 144   1      
 145   1          if (adc_pin_9_avg >= (ADC_VAL_170VAC + ADC_DEAD_ZONE_NEAR_170VAC) ||
 146   1              (flag_is_add_power && adc_pin_9_avg > (ADC_VAL_170VAC + ADC_DEAD_ZONE_NEAR_170VAC))) // еӨ§дәҺ 170
             -VAC
 147   1          {
 148   2              // еӨ§дәҺ170VACпјҢжҒўеӨҚ100%еҚ з©әжҜ”пјҢдҪҶжҳҜдјҳе…Ҳзә§жҜ” "9и„ҡз”өеҺӢжЈҖжөӢеҲ°еҸ‘йҖҒжңәеҠҹзҺҮдёҚз
             -Ёіе®ҡпјҢиҝӣиҖҢйҷҚеҠҹзҺҮ" дҪҺ
 149   2              flag_is_sub_power = 0;
 150   2              flag_is_sub_power2 = 0;
 151   2              flag_is_add_power = 1;
 152   2      
 153   2              if (over_drive_status == OVER_DRIVE_RESTART_TIME) // 9и„ҡз”өеҺӢи¶…иҝҮдёҚзЁіе®ҡйҳҲеҖјеҜ№еә”зҡ„з”өеҺ
             -Ӣ
 154   2              {
 155   3                  over_drive_status -= 1;
 156   3                  if (limited_pwm_duty_due_to_unstable_engine > PWM_DUTY_50_PERCENT)
 157   3                  {
 158   4                      limited_pwm_duty_due_to_unstable_engine -= 1;
 159   4                  }
 160   3      
 161   3                  if (limited_pwm_duty_due_to_unstable_engine < PWM_DUTY_50_PERCENT)
 162   3                  {
 163   4                      limited_pwm_duty_due_to_unstable_engine = PWM_DUTY_50_PERCENT;
 164   4                  }
 165   3              }
 166   2              else if (over_drive_status == 0)
 167   2              {
C51 COMPILER V9.60.7.0   ENGINE                                                            03/24/2026 16:50:08 PAGE 4   

 168   3                  // жңӘж»ЎиҪҪ pwm++
 169   3                  if (flag_is_pwm_add_time_comes) // pwmеҚ з©әжҜ”йҖ’еўһж—¶й—ҙеҲ°жқҘ
 170   3                  {
 171   4                      flag_is_pwm_add_time_comes = 0;
 172   4                      if (limited_pwm_duty_due_to_unstable_engine < PWM_DUTY_100_PERCENT)
 173   4                      {
 174   5                          limited_pwm_duty_due_to_unstable_engine++;
 175   5                      }
 176   4                  }
 177   3              }
 178   2          }
 179   1          else if (adc_pin_9_avg > (ADC_VAL_LOWER_THAN_170VAC) &&
 180   1                   (adc_pin_9_avg <= (ADC_VAL_170VAC) || flag_is_sub_power == 4)) // е°ҸдәҺ 170VAC
 181   1          {
 182   2              // й”Ғе®ҡжңҖеӨ§зҡ„еҚ з©әжҜ”дёә50%пјҢе№¶дё”з»ҷзӣёеә”ж Үеҝ—дҪҚзҪ®дёҖ
 183   2              if (flag_is_pwm_sub_time_comes) // pwmеҚ з©әжҜ”йҖ’еҮҸж—¶й—ҙеҲ°жқҘ
 184   2              {
 185   3                  flag_is_pwm_sub_time_comes = 0;
 186   3      
 187   3                  if (flag_is_sub_power < 4)
 188   3                  {
 189   4                      flag_is_sub_power++;
 190   4                  }
 191   3      
 192   3                  flag_is_sub_power2 = 0;
 193   3                  flag_is_add_power = 0;
 194   3      
 195   3                  if (limited_pwm_duty_due_to_unstable_engine > PWM_DUTY_50_PERCENT)
 196   3                  {
 197   4                      limited_pwm_duty_due_to_unstable_engine -= 2;
 198   4                  }
 199   3                  else if (limited_pwm_duty_due_to_unstable_engine < PWM_DUTY_50_PERCENT)
 200   3                  {
 201   4                      limited_pwm_duty_due_to_unstable_engine++;
 202   4                  }
 203   3                  else
 204   3                  {
 205   4                      limited_pwm_duty_due_to_unstable_engine = PWM_DUTY_50_PERCENT;
 206   4                  }
 207   3              }
 208   2          }
 209   1          else if (adc_pin_9_avg <= (ADC_VAL_LOWER_THAN_170VAC) || (flag_is_sub_power2)) // е°ҸдәҺ 170VAC
 210   1          {
 211   2              // й”Ғе®ҡжңҖеӨ§зҡ„еҚ з©әжҜ”дёә50%пјҢе№¶дё”з»ҷзӣёеә”ж Үеҝ—дҪҚзҪ®дёҖ
 212   2              if (flag_is_pwm_sub_time_comes) // pwmеҚ з©әжҜ”йҖ’еҮҸж—¶й—ҙеҲ°жқҘ
 213   2              {
 214   3                  flag_is_pwm_sub_time_comes = 0;
 215   3      
 216   3                  flag_is_sub_power2 = 1;
 217   3                  flag_is_sub_power = 0;
 218   3                  flag_is_add_power = 0;
 219   3      
 220   3                  if (limited_pwm_duty_due_to_unstable_engine > PWM_DUTY_30_PERCENT)
 221   3                  {
 222   4                      limited_pwm_duty_due_to_unstable_engine -= 2;
 223   4                  }
 224   3                  else
 225   3                  {
 226   4                      limited_pwm_duty_due_to_unstable_engine = PWM_DUTY_30_PERCENT;
 227   4                  }
 228   3              }
 229   2          }
C51 COMPILER V9.60.7.0   ENGINE                                                            03/24/2026 16:50:08 PAGE 5   

 230   1      }


MODULE INFORMATION:   STATIC OVERLAYABLE
   CODE SIZE        =    864    ----
   CONSTANT SIZE    =   ----    ----
   XDATA SIZE       =    619       6
   PDATA SIZE       =   ----    ----
   DATA SIZE        =   ----    ----
   IDATA SIZE       =   ----    ----
   BIT SIZE         =      2    ----
END OF MODULE INFORMATION.


C51 COMPILATION COMPLETE.  0 WARNING(S),  0 ERROR(S)
